<?xml version="1.0" encoding="UTF-8"?>
<!-- Generated by org.testng.reporters.JUnitXMLReporter -->
<testsuite hostname="QAPLANET-PC" ignored="0" name="Default test" tests="4" failures="0" timestamp="07 Mar 2020 10:10:43 GMT" time="45.758" errors="0">
  <testcase name="Tc1" time="9.699" classname="pckg.Cls"/>
  <testcase name="Tc1" time="11.238" classname="pckg.Cls"/>
  <testcase name="Tc1" time="12.45" classname="pckg.Cls"/>
  <testcase name="Tc1" time="12.331" classname="pckg.Cls"/>
</testsuite> <!-- Default test -->
